  jpeg.lib(jerror.obj) : найден .netmodule MSIL или модуль, откомпилированный с параметром /GL; перезапускается компоновка с параметром /LTCG; добавьте /LTCG в командную строку компоновки для повышения производительности компоновщика
LINK : warning LNK4075: не учитывается "/INCREMENTAL" из-за спецификации "/LTCG"
LINK : warning LNK4098: библиотека по умолчанию "MSVCRT" конфликтует с использованием других библиотек; используйте /NODEFAULTLIB:library
  Создание кода
  Создание кода завершено
jpeg.lib(jerror.obj) : warning LNK4099: "" PDB не найден с "jpeg.lib(jerror.obj)" или на ""; компоновка объекта выполняется как при отсутствии отладочных данных
jpeg.lib(jcapimin.obj) : warning LNK4099: "" PDB не найден с "jpeg.lib(jcapimin.obj)" или на ""; компоновка объекта выполняется как при отсутствии отладочных данных
jpeg.lib(jdapimin.obj) : warning LNK4099: "" PDB не найден с "jpeg.lib(jdapimin.obj)" или на ""; компоновка объекта выполняется как при отсутствии отладочных данных
jpeg.lib(jdatadst.obj) : warning LNK4099: "" PDB не найден с "jpeg.lib(jdatadst.obj)" или на ""; компоновка объекта выполняется как при отсутствии отладочных данных
jpeg.lib(jdatasrc.obj) : warning LNK4099: "" PDB не найден с "jpeg.lib(jdatasrc.obj)" или на ""; компоновка объекта выполняется как при отсутствии отладочных данных
jpeg.lib(jcparam.obj) : warning LNK4099: "" PDB не найден с "jpeg.lib(jcparam.obj)" или на ""; компоновка объекта выполняется как при отсутствии отладочных данных
jpeg.lib(jcapistd.obj) : warning LNK4099: "" PDB не найден с "jpeg.lib(jcapistd.obj)" или на ""; компоновка объекта выполняется как при отсутствии отладочных данных
jpeg.lib(jdapistd.obj) : warning LNK4099: "" PDB не найден с "jpeg.lib(jdapistd.obj)" или на ""; компоновка объекта выполняется как при отсутствии отладочных данных
jpeg.lib(jcomapi.obj) : warning LNK4099: "" PDB не найден с "jpeg.lib(jcomapi.obj)" или на ""; компоновка объекта выполняется как при отсутствии отладочных данных
jpeg.lib(jutils.obj) : warning LNK4099: "" PDB не найден с "jpeg.lib(jutils.obj)" или на ""; компоновка объекта выполняется как при отсутствии отладочных данных
jpeg.lib(jmemmgr.obj) : warning LNK4099: "" PDB не найден с "jpeg.lib(jmemmgr.obj)" или на ""; компоновка объекта выполняется как при отсутствии отладочных данных
jpeg.lib(jcmarker.obj) : warning LNK4099: "" PDB не найден с "jpeg.lib(jcmarker.obj)" или на ""; компоновка объекта выполняется как при отсутствии отладочных данных
jpeg.lib(jdmarker.obj) : warning LNK4099: "" PDB не найден с "jpeg.lib(jdmarker.obj)" или на ""; компоновка объекта выполняется как при отсутствии отладочных данных
jpeg.lib(jdinput.obj) : warning LNK4099: "" PDB не найден с "jpeg.lib(jdinput.obj)" или на ""; компоновка объекта выполняется как при отсутствии отладочных данных
jpeg.lib(jcinit.obj) : warning LNK4099: "" PDB не найден с "jpeg.lib(jcinit.obj)" или на ""; компоновка объекта выполняется как при отсутствии отладочных данных
jpeg.lib(jdmaster.obj) : warning LNK4099: "" PDB не найден с "jpeg.lib(jdmaster.obj)" или на ""; компоновка объекта выполняется как при отсутствии отладочных данных
jpeg.lib(jmemnobs.obj) : warning LNK4099: "" PDB не найден с "jpeg.lib(jmemnobs.obj)" или на ""; компоновка объекта выполняется как при отсутствии отладочных данных
jpeg.lib(jcarith.obj) : warning LNK4099: "" PDB не найден с "jpeg.lib(jcarith.obj)" или на ""; компоновка объекта выполняется как при отсутствии отладочных данных
jpeg.lib(jcprepct.obj) : warning LNK4099: "" PDB не найден с "jpeg.lib(jcprepct.obj)" или на ""; компоновка объекта выполняется как при отсутствии отладочных данных
jpeg.lib(jcsample.obj) : warning LNK4099: "" PDB не найден с "jpeg.lib(jcsample.obj)" или на ""; компоновка объекта выполняется как при отсутствии отладочных данных
jpeg.lib(jcmainct.obj) : warning LNK4099: "" PDB не найден с "jpeg.lib(jcmainct.obj)" или на ""; компоновка объекта выполняется как при отсутствии отладочных данных
jpeg.lib(jcmaster.obj) : warning LNK4099: "" PDB не найден с "jpeg.lib(jcmaster.obj)" или на ""; компоновка объекта выполняется как при отсутствии отладочных данных
jpeg.lib(jccoefct.obj) : warning LNK4099: "" PDB не найден с "jpeg.lib(jccoefct.obj)" или на ""; компоновка объекта выполняется как при отсутствии отладочных данных
jpeg.lib(jccolor.obj) : warning LNK4099: "" PDB не найден с "jpeg.lib(jccolor.obj)" или на ""; компоновка объекта выполняется как при отсутствии отладочных данных
jpeg.lib(jchuff.obj) : warning LNK4099: "" PDB не найден с "jpeg.lib(jchuff.obj)" или на ""; компоновка объекта выполняется как при отсутствии отладочных данных
jpeg.lib(jcdctmgr.obj) : warning LNK4099: "" PDB не найден с "jpeg.lib(jcdctmgr.obj)" или на ""; компоновка объекта выполняется как при отсутствии отладочных данных
jpeg.lib(jquant1.obj) : warning LNK4099: "" PDB не найден с "jpeg.lib(jquant1.obj)" или на ""; компоновка объекта выполняется как при отсутствии отладочных данных
jpeg.lib(jdmerge.obj) : warning LNK4099: "" PDB не найден с "jpeg.lib(jdmerge.obj)" или на ""; компоновка объекта выполняется как при отсутствии отладочных данных
jpeg.lib(jdsample.obj) : warning LNK4099: "" PDB не найден с "jpeg.lib(jdsample.obj)" или на ""; компоновка объекта выполняется как при отсутствии отладочных данных
jpeg.lib(jdhuff.obj) : warning LNK4099: "" PDB не найден с "jpeg.lib(jdhuff.obj)" или на ""; компоновка объекта выполняется как при отсутствии отладочных данных
jpeg.lib(jquant2.obj) : warning LNK4099: "" PDB не найден с "jpeg.lib(jquant2.obj)" или на ""; компоновка объекта выполняется как при отсутствии отладочных данных
jpeg.lib(jdarith.obj) : warning LNK4099: "" PDB не найден с "jpeg.lib(jdarith.obj)" или на ""; компоновка объекта выполняется как при отсутствии отладочных данных
jpeg.lib(jdcoefct.obj) : warning LNK4099: "" PDB не найден с "jpeg.lib(jdcoefct.obj)" или на ""; компоновка объекта выполняется как при отсутствии отладочных данных
jpeg.lib(jdcolor.obj) : warning LNK4099: "" PDB не найден с "jpeg.lib(jdcolor.obj)" или на ""; компоновка объекта выполняется как при отсутствии отладочных данных
jpeg.lib(jdmainct.obj) : warning LNK4099: "" PDB не найден с "jpeg.lib(jdmainct.obj)" или на ""; компоновка объекта выполняется как при отсутствии отладочных данных
jpeg.lib(jddctmgr.obj) : warning LNK4099: "" PDB не найден с "jpeg.lib(jddctmgr.obj)" или на ""; компоновка объекта выполняется как при отсутствии отладочных данных
jpeg.lib(jdpostct.obj) : warning LNK4099: "" PDB не найден с "jpeg.lib(jdpostct.obj)" или на ""; компоновка объекта выполняется как при отсутствии отладочных данных
jpeg.lib(jaricom.obj) : warning LNK4099: "" PDB не найден с "jpeg.lib(jaricom.obj)" или на ""; компоновка объекта выполняется как при отсутствии отладочных данных
jpeg.lib(jfdctint.obj) : warning LNK4099: "" PDB не найден с "jpeg.lib(jfdctint.obj)" или на ""; компоновка объекта выполняется как при отсутствии отладочных данных
jpeg.lib(jfdctfst.obj) : warning LNK4099: "" PDB не найден с "jpeg.lib(jfdctfst.obj)" или на ""; компоновка объекта выполняется как при отсутствии отладочных данных
jpeg.lib(jfdctflt.obj) : warning LNK4099: "" PDB не найден с "jpeg.lib(jfdctflt.obj)" или на ""; компоновка объекта выполняется как при отсутствии отладочных данных
jpeg.lib(jidctint.obj) : warning LNK4099: "" PDB не найден с "jpeg.lib(jidctint.obj)" или на ""; компоновка объекта выполняется как при отсутствии отладочных данных
jpeg.lib(jidctfst.obj) : warning LNK4099: "" PDB не найден с "jpeg.lib(jidctfst.obj)" или на ""; компоновка объекта выполняется как при отсутствии отладочных данных
jpeg.lib(jidctflt.obj) : warning LNK4099: "" PDB не найден с "jpeg.lib(jidctflt.obj)" или на ""; компоновка объекта выполняется как при отсутствии отладочных данных
  imgconv.vcxproj -> D:\Projects_Cpp\LibJPEG\sln\ImgConverter\build\Debug\imgconv.exe
